{"C:\\Users\\admin\\Desktop\\MyToDoList.git\\src\\components\\atoms\\AddTask.vue": {"path":"C:\\Users\\admin\\Desktop\\MyToDoList.git\\src\\components\\atoms\\AddTask.vue","statementMap":{"0":{"start":{"line":15,"column":0},"end":{"line":15,"column":null}},"1":{"start":{"line":21,"column":0},"end":{"line":21,"column":null}},"2":{"start":{"line":22,"column":0},"end":{"line":22,"column":null}}},"fnMap":{"0":{"name":"(anonymous_1)","decl":{"start":{"line":14,"column":0},"end":{"line":14,"column":null}},"loc":{"start":{"line":14,"column":0},"end":{"line":18,"column":null}}},"1":{"name":"(anonymous_2)","decl":{"start":{"line":20,"column":0},"end":{"line":20,"column":null}},"loc":{"start":{"line":20,"column":0},"end":{"line":23,"column":null}}}},"branchMap":{},"s":{"0":3,"1":3,"2":3},"f":{"0":3,"1":3},"b":{}}
,"C:\\Users\\admin\\Desktop\\MyToDoList.git\\src\\components\\atoms\\DoneTask.vue": {"path":"C:\\Users\\admin\\Desktop\\MyToDoList.git\\src\\components\\atoms\\DoneTask.vue","statementMap":{"0":{"start":{"line":15,"column":0},"end":{"line":15,"column":null}},"1":{"start":{"line":27,"column":0},"end":{"line":27,"column":null}}},"fnMap":{"0":{"name":"(anonymous_1)","decl":{"start":{"line":26,"column":0},"end":{"line":26,"column":null}},"loc":{"start":{"line":26,"column":0},"end":{"line":28,"column":null}}}},"branchMap":{},"s":{"0":2,"1":1},"f":{"0":1},"b":{}}
,"C:\\Users\\admin\\Desktop\\MyToDoList.git\\src\\components\\atoms\\EditTask.vue": {"path":"C:\\Users\\admin\\Desktop\\MyToDoList.git\\src\\components\\atoms\\EditTask.vue","statementMap":{"0":{"start":{"line":22,"column":0},"end":{"line":22,"column":null}},"1":{"start":{"line":28,"column":0},"end":{"line":28,"column":null}},"2":{"start":{"line":46,"column":0},"end":{"line":46,"column":null}},"3":{"start":{"line":47,"column":0},"end":{"line":47,"column":null}},"4":{"start":{"line":48,"column":0},"end":{"line":54,"column":null}},"5":{"start":{"line":49,"column":0},"end":{"line":49,"column":null}},"6":{"start":{"line":51,"column":0},"end":{"line":51,"column":null}},"7":{"start":{"line":52,"column":0},"end":{"line":52,"column":null}},"8":{"start":{"line":53,"column":0},"end":{"line":53,"column":null}},"9":{"start":{"line":56,"column":0},"end":{"line":56,"column":null}}},"fnMap":{"0":{"name":"(anonymous_1)","decl":{"start":{"line":27,"column":0},"end":{"line":27,"column":null}},"loc":{"start":{"line":27,"column":0},"end":{"line":34,"column":null}}},"1":{"name":"(anonymous_2)","decl":{"start":{"line":45,"column":0},"end":{"line":45,"column":null}},"loc":{"start":{"line":45,"column":0},"end":{"line":57,"column":null}}}},"branchMap":{"0":{"loc":{"start":{"line":48,"column":0},"end":{"line":54,"column":null}},"type":"if","locations":[{"start":{"line":48,"column":0},"end":{"line":54,"column":null}},{"start":{"line":48,"column":0},"end":{"line":54,"column":null}}]}},"s":{"0":2,"1":2,"2":9,"3":9,"4":9,"5":5,"6":4,"7":4,"8":4,"9":9},"f":{"0":2,"1":9},"b":{"0":[5,4]}}
,"C:\\Users\\admin\\Desktop\\MyToDoList.git\\src\\components\\atoms\\FooterBtn.vue": {"path":"C:\\Users\\admin\\Desktop\\MyToDoList.git\\src\\components\\atoms\\FooterBtn.vue","statementMap":{"0":{"start":{"line":20,"column":0},"end":{"line":20,"column":null}}},"fnMap":{"0":{"name":"(anonymous_1)","decl":{"start":{"line":19,"column":0},"end":{"line":19,"column":null}},"loc":{"start":{"line":19,"column":0},"end":{"line":21,"column":null}}}},"branchMap":{},"s":{"0":1},"f":{"0":1},"b":{}}
,"C:\\Users\\admin\\Desktop\\MyToDoList.git\\src\\components\\atoms\\FooterProgress.vue": {"path":"C:\\Users\\admin\\Desktop\\MyToDoList.git\\src\\components\\atoms\\FooterProgress.vue","statementMap":{"0":{"start":{"line":8,"column":0},"end":{"line":8,"column":null}},"1":{"start":{"line":12,"column":0},"end":{"line":12,"column":null}}},"fnMap":{"0":{"name":"(anonymous_1)","decl":{"start":{"line":11,"column":0},"end":{"line":11,"column":null}},"loc":{"start":{"line":11,"column":0},"end":{"line":13,"column":null}}}},"branchMap":{},"s":{"0":3,"1":3},"f":{"0":3},"b":{}}
,"C:\\Users\\admin\\Desktop\\MyToDoList.git\\src\\components\\atoms\\RemoveTask.vue": {"path":"C:\\Users\\admin\\Desktop\\MyToDoList.git\\src\\components\\atoms\\RemoveTask.vue","statementMap":{"0":{"start":{"line":8,"column":0},"end":{"line":8,"column":null}}},"fnMap":{"0":{"name":"(anonymous_1)","decl":{"start":{"line":7,"column":0},"end":{"line":7,"column":null}},"loc":{"start":{"line":7,"column":0},"end":{"line":9,"column":null}}}},"branchMap":{},"s":{"0":1},"f":{"0":1},"b":{}}
,"C:\\Users\\admin\\Desktop\\MyToDoList.git\\src\\components\\molecules\\FooterBtnsWrapper.vue": {"path":"C:\\Users\\admin\\Desktop\\MyToDoList.git\\src\\components\\molecules\\FooterBtnsWrapper.vue","statementMap":{"0":{"start":{"line":14,"column":0},"end":{"line":14,"column":null}},"1":{"start":{"line":17,"column":0},"end":{"line":17,"column":null}},"2":{"start":{"line":23,"column":0},"end":{"line":23,"column":null}}},"fnMap":{"0":{"name":"(anonymous_1)","decl":{"start":{"line":14,"column":0},"end":{"line":14,"column":null}},"loc":{"start":{"line":14,"column":0},"end":{"line":14,"column":null}}},"1":{"name":"(anonymous_3)","decl":{"start":{"line":16,"column":0},"end":{"line":16,"column":null}},"loc":{"start":{"line":16,"column":0},"end":{"line":20,"column":null}}},"2":{"name":"(anonymous_4)","decl":{"start":{"line":22,"column":0},"end":{"line":22,"column":null}},"loc":{"start":{"line":22,"column":0},"end":{"line":24,"column":null}}}},"branchMap":{},"s":{"0":6,"1":3,"2":2},"f":{"0":6,"1":3,"2":2},"b":{}}
,"C:\\Users\\admin\\Desktop\\MyToDoList.git\\src\\components\\molecules\\TaskWrapper.vue": {"path":"C:\\Users\\admin\\Desktop\\MyToDoList.git\\src\\components\\molecules\\TaskWrapper.vue","statementMap":{"0":{"start":{"line":16,"column":0},"end":{"line":16,"column":null}},"1":{"start":{"line":17,"column":0},"end":{"line":17,"column":null}},"2":{"start":{"line":18,"column":0},"end":{"line":18,"column":null}},"3":{"start":{"line":32,"column":0},"end":{"line":32,"column":null}},"4":{"start":{"line":35,"column":0},"end":{"line":35,"column":null}},"5":{"start":{"line":41,"column":0},"end":{"line":41,"column":null}}},"fnMap":{"0":{"name":"(anonymous_1)","decl":{"start":{"line":16,"column":0},"end":{"line":16,"column":null}},"loc":{"start":{"line":16,"column":0},"end":{"line":16,"column":null}}},"1":{"name":"(anonymous_3)","decl":{"start":{"line":17,"column":0},"end":{"line":17,"column":null}},"loc":{"start":{"line":17,"column":0},"end":{"line":17,"column":null}}},"2":{"name":"(anonymous_5)","decl":{"start":{"line":18,"column":0},"end":{"line":18,"column":null}},"loc":{"start":{"line":18,"column":0},"end":{"line":18,"column":null}}},"3":{"name":"(anonymous_7)","decl":{"start":{"line":31,"column":0},"end":{"line":31,"column":null}},"loc":{"start":{"line":31,"column":0},"end":{"line":33,"column":null}}},"4":{"name":"(anonymous_8)","decl":{"start":{"line":34,"column":0},"end":{"line":34,"column":null}},"loc":{"start":{"line":34,"column":0},"end":{"line":39,"column":null}}},"5":{"name":"(anonymous_9)","decl":{"start":{"line":40,"column":0},"end":{"line":40,"column":null}},"loc":{"start":{"line":40,"column":0},"end":{"line":42,"column":null}}}},"branchMap":{},"s":{"0":2,"1":2,"2":2,"3":1,"4":1,"5":1},"f":{"0":2,"1":2,"2":2,"3":1,"4":1,"5":1},"b":{}}
,"C:\\Users\\admin\\Desktop\\MyToDoList.git\\src\\components\\organisms\\Footer.vue": {"path":"C:\\Users\\admin\\Desktop\\MyToDoList.git\\src\\components\\organisms\\Footer.vue","statementMap":{"0":{"start":{"line":11,"column":0},"end":{"line":11,"column":null}},"1":{"start":{"line":13,"column":0},"end":{"line":13,"column":null}}},"fnMap":{"0":{"name":"(anonymous_1)","decl":{"start":{"line":11,"column":0},"end":{"line":11,"column":null}},"loc":{"start":{"line":11,"column":0},"end":{"line":11,"column":null}}},"1":{"name":"(anonymous_3)","decl":{"start":{"line":13,"column":0},"end":{"line":13,"column":null}},"loc":{"start":{"line":13,"column":0},"end":{"line":13,"column":null}}}},"branchMap":{},"s":{"0":4,"1":4},"f":{"0":4,"1":4},"b":{}}
,"C:\\Users\\admin\\Desktop\\MyToDoList.git\\src\\components\\organisms\\Main.vue": {"path":"C:\\Users\\admin\\Desktop\\MyToDoList.git\\src\\components\\organisms\\Main.vue","statementMap":{"0":{"start":{"line":17,"column":0},"end":{"line":17,"column":null}},"1":{"start":{"line":20,"column":0},"end":{"line":22,"column":null}},"2":{"start":{"line":21,"column":0},"end":{"line":21,"column":null}},"3":{"start":{"line":26,"column":0},"end":{"line":26,"column":null}},"4":{"start":{"line":33,"column":0},"end":{"line":33,"column":null}},"5":{"start":{"line":34,"column":0},"end":{"line":34,"column":null}},"6":{"start":{"line":40,"column":0},"end":{"line":40,"column":null}},"7":{"start":{"line":46,"column":0},"end":{"line":46,"column":null}}},"fnMap":{"0":{"name":"(anonymous_1)","decl":{"start":{"line":19,"column":0},"end":{"line":19,"column":null}},"loc":{"start":{"line":19,"column":0},"end":{"line":23,"column":null}}},"1":{"name":"(anonymous_2)","decl":{"start":{"line":25,"column":0},"end":{"line":25,"column":null}},"loc":{"start":{"line":25,"column":0},"end":{"line":30,"column":null}}},"2":{"name":"(anonymous_3)","decl":{"start":{"line":33,"column":0},"end":{"line":33,"column":null}},"loc":{"start":{"line":33,"column":0},"end":{"line":33,"column":null}}},"3":{"name":"(anonymous_5)","decl":{"start":{"line":34,"column":0},"end":{"line":34,"column":null}},"loc":{"start":{"line":34,"column":0},"end":{"line":34,"column":null}}},"4":{"name":"(anonymous_7)","decl":{"start":{"line":39,"column":0},"end":{"line":39,"column":null}},"loc":{"start":{"line":39,"column":0},"end":{"line":41,"column":null}}},"5":{"name":"(anonymous_8)","decl":{"start":{"line":45,"column":0},"end":{"line":45,"column":null}},"loc":{"start":{"line":45,"column":0},"end":{"line":47,"column":null}}}},"branchMap":{"0":{"loc":{"start":{"line":20,"column":0},"end":{"line":22,"column":null}},"type":"if","locations":[{"start":{"line":20,"column":0},"end":{"line":22,"column":null}},{"start":{"line":20,"column":0},"end":{"line":22,"column":null}}]}},"s":{"0":2,"1":2,"2":0,"3":0,"4":0,"5":4,"6":2,"7":1},"f":{"0":2,"1":0,"2":0,"3":4,"4":2,"5":1},"b":{"0":[0,2]}}
,"C:\\Users\\admin\\Desktop\\MyToDoList.git\\src\\components\\pages\\ToDoList.vue": {"path":"C:\\Users\\admin\\Desktop\\MyToDoList.git\\src\\components\\pages\\ToDoList.vue","statementMap":{"0":{"start":{"line":19,"column":0},"end":{"line":19,"column":null}},"1":{"start":{"line":20,"column":0},"end":{"line":20,"column":null}},"2":{"start":{"line":21,"column":0},"end":{"line":21,"column":null}}},"fnMap":{"0":{"name":"(anonymous_1)","decl":{"start":{"line":19,"column":0},"end":{"line":19,"column":null}},"loc":{"start":{"line":19,"column":0},"end":{"line":19,"column":null}}},"1":{"name":"(anonymous_3)","decl":{"start":{"line":20,"column":0},"end":{"line":20,"column":null}},"loc":{"start":{"line":20,"column":0},"end":{"line":20,"column":null}}},"2":{"name":"(anonymous_5)","decl":{"start":{"line":21,"column":0},"end":{"line":21,"column":null}},"loc":{"start":{"line":21,"column":0},"end":{"line":21,"column":null}}}},"branchMap":{},"s":{"0":2,"1":2,"2":2},"f":{"0":2,"1":2,"2":2},"b":{}}
,"C:\\Users\\admin\\Desktop\\MyToDoList.git\\src\\store\\index.js": {"path":"C:\\Users\\admin\\Desktop\\MyToDoList.git\\src\\store\\index.js","statementMap":{"0":{"start":{"line":4,"column":0},"end":{"line":4,"column":14}},"1":{"start":{"line":6,"column":21},"end":{"line":18,"column":1}},"2":{"start":{"line":20,"column":23},"end":{"line":45,"column":1}},"3":{"start":{"line":22,"column":4},"end":{"line":22,"column":23}},"4":{"start":{"line":26,"column":4},"end":{"line":29,"column":6}},"5":{"start":{"line":27,"column":21},"end":{"line":27,"column":57}},"6":{"start":{"line":33,"column":4},"end":{"line":39,"column":5}},"7":{"start":{"line":34,"column":6},"end":{"line":34,"column":25}},"8":{"start":{"line":35,"column":11},"end":{"line":39,"column":5}},"9":{"start":{"line":36,"column":6},"end":{"line":36,"column":65}},"10":{"start":{"line":36,"column":42},"end":{"line":36,"column":63}},"11":{"start":{"line":37,"column":11},"end":{"line":39,"column":5}},"12":{"start":{"line":38,"column":6},"end":{"line":38,"column":64}},"13":{"start":{"line":38,"column":42},"end":{"line":38,"column":62}},"14":{"start":{"line":42,"column":30},"end":{"line":44,"column":3}},"15":{"start":{"line":43,"column":4},"end":{"line":43,"column":66}},"16":{"start":{"line":43,"column":40},"end":{"line":43,"column":53}},"17":{"start":{"line":47,"column":25},"end":{"line":86,"column":1}},"18":{"start":{"line":49,"column":4},"end":{"line":49,"column":62}},"19":{"start":{"line":49,"column":47},"end":{"line":49,"column":60}},"20":{"start":{"line":53,"column":14},"end":{"line":57,"column":5}},"21":{"start":{"line":58,"column":4},"end":{"line":58,"column":42}},"22":{"start":{"line":62,"column":4},"end":{"line":67,"column":7}},"23":{"start":{"line":63,"column":6},"end":{"line":66,"column":25}},"24":{"start":{"line":64,"column":8},"end":{"line":64,"column":37}},"25":{"start":{"line":65,"column":8},"end":{"line":65,"column":20}},"26":{"start":{"line":66,"column":13},"end":{"line":66,"column":25}},"27":{"start":{"line":71,"column":4},"end":{"line":71,"column":34}},"28":{"start":{"line":75,"column":4},"end":{"line":75,"column":60}},"29":{"start":{"line":79,"column":4},"end":{"line":84,"column":7}},"30":{"start":{"line":80,"column":6},"end":{"line":83,"column":25}},"31":{"start":{"line":81,"column":8},"end":{"line":81,"column":33}},"32":{"start":{"line":82,"column":8},"end":{"line":82,"column":20}},"33":{"start":{"line":83,"column":13},"end":{"line":83,"column":25}}},"fnMap":{"0":{"name":"(anonymous_0)","decl":{"start":{"line":21,"column":12},"end":{"line":21,"column":13}},"loc":{"start":{"line":21,"column":23},"end":{"line":23,"column":3}},"line":21},"1":{"name":"(anonymous_1)","decl":{"start":{"line":25,"column":16},"end":{"line":25,"column":17}},"loc":{"start":{"line":25,"column":27},"end":{"line":30,"column":3}},"line":25},"2":{"name":"(anonymous_2)","decl":{"start":{"line":27,"column":6},"end":{"line":27,"column":7}},"loc":{"start":{"line":27,"column":21},"end":{"line":27,"column":57}},"line":27},"3":{"name":"(anonymous_3)","decl":{"start":{"line":32,"column":13},"end":{"line":32,"column":14}},"loc":{"start":{"line":32,"column":24},"end":{"line":40,"column":3}},"line":32},"4":{"name":"(anonymous_4)","decl":{"start":{"line":36,"column":32},"end":{"line":36,"column":33}},"loc":{"start":{"line":36,"column":42},"end":{"line":36,"column":63}},"line":36},"5":{"name":"(anonymous_5)","decl":{"start":{"line":38,"column":32},"end":{"line":38,"column":33}},"loc":{"start":{"line":38,"column":42},"end":{"line":38,"column":62}},"line":38},"6":{"name":"(anonymous_6)","decl":{"start":{"line":42,"column":19},"end":{"line":42,"column":20}},"loc":{"start":{"line":42,"column":30},"end":{"line":44,"column":3}},"line":42},"7":{"name":"(anonymous_7)","decl":{"start":{"line":42,"column":30},"end":{"line":42,"column":31}},"loc":{"start":{"line":42,"column":38},"end":{"line":44,"column":3}},"line":42},"8":{"name":"(anonymous_8)","decl":{"start":{"line":43,"column":30},"end":{"line":43,"column":31}},"loc":{"start":{"line":43,"column":40},"end":{"line":43,"column":53}},"line":43},"9":{"name":"(anonymous_9)","decl":{"start":{"line":48,"column":14},"end":{"line":48,"column":15}},"loc":{"start":{"line":48,"column":29},"end":{"line":50,"column":3}},"line":48},"10":{"name":"(anonymous_10)","decl":{"start":{"line":49,"column":37},"end":{"line":49,"column":38}},"loc":{"start":{"line":49,"column":47},"end":{"line":49,"column":60}},"line":49},"11":{"name":"(anonymous_11)","decl":{"start":{"line":52,"column":11},"end":{"line":52,"column":12}},"loc":{"start":{"line":52,"column":29},"end":{"line":59,"column":3}},"line":52},"12":{"name":"(anonymous_12)","decl":{"start":{"line":61,"column":16},"end":{"line":61,"column":17}},"loc":{"start":{"line":61,"column":31},"end":{"line":68,"column":3}},"line":61},"13":{"name":"(anonymous_13)","decl":{"start":{"line":62,"column":34},"end":{"line":62,"column":35}},"loc":{"start":{"line":62,"column":44},"end":{"line":67,"column":5}},"line":62},"14":{"name":"(anonymous_14)","decl":{"start":{"line":70,"column":13},"end":{"line":70,"column":14}},"loc":{"start":{"line":70,"column":40},"end":{"line":72,"column":3}},"line":70},"15":{"name":"(anonymous_15)","decl":{"start":{"line":74,"column":15},"end":{"line":74,"column":16}},"loc":{"start":{"line":74,"column":26},"end":{"line":76,"column":3}},"line":74},"16":{"name":"(anonymous_16)","decl":{"start":{"line":78,"column":16},"end":{"line":78,"column":17}},"loc":{"start":{"line":78,"column":34},"end":{"line":85,"column":3}},"line":78},"17":{"name":"(anonymous_17)","decl":{"start":{"line":79,"column":34},"end":{"line":79,"column":35}},"loc":{"start":{"line":79,"column":44},"end":{"line":84,"column":5}},"line":79}},"branchMap":{"0":{"loc":{"start":{"line":27,"column":21},"end":{"line":27,"column":57}},"type":"cond-expr","locations":[{"start":{"line":27,"column":42},"end":{"line":27,"column":50}},{"start":{"line":27,"column":53},"end":{"line":27,"column":57}}],"line":27},"1":{"loc":{"start":{"line":33,"column":4},"end":{"line":39,"column":5}},"type":"if","locations":[{"start":{"line":33,"column":4},"end":{"line":39,"column":5}},{"start":{"line":33,"column":4},"end":{"line":39,"column":5}}],"line":33},"2":{"loc":{"start":{"line":35,"column":11},"end":{"line":39,"column":5}},"type":"if","locations":[{"start":{"line":35,"column":11},"end":{"line":39,"column":5}},{"start":{"line":35,"column":11},"end":{"line":39,"column":5}}],"line":35},"3":{"loc":{"start":{"line":37,"column":11},"end":{"line":39,"column":5}},"type":"if","locations":[{"start":{"line":37,"column":11},"end":{"line":39,"column":5}},{"start":{"line":37,"column":11},"end":{"line":39,"column":5}}],"line":37},"4":{"loc":{"start":{"line":63,"column":6},"end":{"line":66,"column":25}},"type":"if","locations":[{"start":{"line":63,"column":6},"end":{"line":66,"column":25}},{"start":{"line":63,"column":6},"end":{"line":66,"column":25}}],"line":63},"5":{"loc":{"start":{"line":80,"column":6},"end":{"line":83,"column":25}},"type":"if","locations":[{"start":{"line":80,"column":6},"end":{"line":83,"column":25}},{"start":{"line":80,"column":6},"end":{"line":83,"column":25}}],"line":80}},"s":{"0":3,"1":3,"2":3,"3":2,"4":1,"5":3,"6":3,"7":1,"8":2,"9":1,"10":3,"11":1,"12":1,"13":3,"14":2,"15":2,"16":4,"17":3,"18":2,"19":5,"20":1,"21":1,"22":1,"23":3,"24":1,"25":1,"26":2,"27":1,"28":0,"29":2,"30":5,"31":2,"32":2,"33":3},"f":{"0":2,"1":1,"2":3,"3":3,"4":3,"5":3,"6":2,"7":2,"8":4,"9":2,"10":5,"11":1,"12":1,"13":3,"14":1,"15":0,"16":2,"17":5},"b":{"0":[1,2],"1":[1,2],"2":[1,1],"3":[1,0],"4":[1,2],"5":[2,3]},"_coverageSchema":"43e27e138ebf9cfc5966b082cf9a028302ed4184","hash":"ecc3034c4681dc5f81f2c52595b7e7cc78e3e6a0"}
}
